<?xml version="1.0" encoding="UTF-8"?>
<testng-results ignored="0" total="1" passed="1" failed="0" skipped="0">
  <reporter-output>
  </reporter-output>
  <suite started-at="2023-03-03T17:21:18 IST" name="Default suite" finished-at="2023-03-03T17:22:56 IST" duration-ms="98291">
    <groups>
    </groups>
    <test started-at="2023-03-03T17:21:18 IST" name="Default test" finished-at="2023-03-03T17:22:56 IST" duration-ms="98291">
      <class name="practice.Parameters">
        <test-method signature="m1()[pri:0, instance:practice.Parameters@2a4fb17b]" started-at="2023-03-03T17:21:18 IST" name="m1" finished-at="2023-03-03T17:22:56 IST" duration-ms="98172" status="PASS">
          <reporter-output>
          </reporter-output>
        </test-method> <!-- m1 -->
      </class> <!-- practice.Parameters -->
    </test> <!-- Default test -->
  </suite> <!-- Default suite -->
</testng-results>
